<?xml version="1.0" encoding="utf-8" standalone="no"?>
<!--This file represents the results of running a test suite-->
<test-results name="C:\Users\Amninder Chahal\Documents\Visual Studio 2015\Projects\Assignment_4\Assignment_4.Test\bin\Debug\Assignment_4.Test.dll" total="1" errors="0" failures="0" not-run="0" inconclusive="0" ignored="0" skipped="0" invalid="0" date="2017-04-19" time="18:16:47">
  <environment nunit-version="2.6.4.14350" clr-version="2.0.50727.8745" os-version="Microsoft Windows NT 6.2.9200.0" platform="Win32NT" cwd="C:\Program Files (x86)\NUnit 2.6.4\bin" machine-name="DESKTOP-1KS1E42" user="Amninder Chahal" user-domain="DESKTOP-1KS1E42" />
  <culture-info current-culture="en-US" current-uiculture="en-US" />
  <test-suite type="Assembly" name="C:\Users\Amninder Chahal\Documents\Visual Studio 2015\Projects\Assignment_4\Assignment_4.Test\bin\Debug\Assignment_4.Test.dll" executed="True" result="Success" success="True" time="0.003" asserts="0">
    <results>
      <test-suite type="Namespace" name="Assignment_4" executed="True" result="Success" success="True" time="0.002" asserts="0">
        <results>
          <test-suite type="Namespace" name="Test" executed="True" result="Success" success="True" time="0.002" asserts="0">
            <results>
              <test-suite type="TestFixture" name="TriangleSolverTest" executed="True" result="Success" success="True" time="0.001" asserts="0">
                <results>
                  <test-case name="Assignment_4.Test.TriangleSolverTest.TriangleTest" executed="True" result="Success" success="True" time="0.000" asserts="1" />
                </results>
              </test-suite>
            </results>
          </test-suite>
        </results>
      </test-suite>
    </results>
  </test-suite>
</test-results>