<?xml version="1.0" encoding="utf-8" standalone="no"?>
<!--This file represents the results of running a test suite-->
<test-results name="C:\Users\Amninder Chahal\Documents\Visual Studio 2015\Projects\Assignment_4\Assignment_4.Test\obj\Debug\Assignment_4.Test.dll" total="0" errors="0" failures="0" not-run="0" inconclusive="0" ignored="0" skipped="0" invalid="0" date="2017-04-19" time="00:16:54">
  <environment nunit-version="2.6.4.14350" clr-version="2.0.50727.8745" os-version="Microsoft Windows NT 6.2.9200.0" platform="Win32NT" cwd="C:\Program Files (x86)\NUnit 2.6.4\bin" machine-name="DESKTOP-1KS1E42" user="Amninder Chahal" user-domain="DESKTOP-1KS1E42" />
  <culture-info current-culture="en-US" current-uiculture="en-US" />
  <test-suite type="Assembly" name="C:\Users\Amninder Chahal\Documents\Visual Studio 2015\Projects\Assignment_4\Assignment_4.Test\obj\Debug\Assignment_4.Test.dll" executed="True" result="Inconclusive" success="False" time="0.009" asserts="0" />
</test-results>